DEBUG 2024-07-16 15:57:05,173 views red score: <WSGIRequest: POST '/scoring/14/'>
DEBUG 2024-07-16 15:59:45,448 views red score: {
	'environ': {
		'HOSTNAME': '9d154d5fcc52',
		'PYTHON_PIP_VERSION': '24.0',
		'HOME': '/root',
		'OLDPWD': '/app',
		'DB_NAME': 'pongdatabase',
		'GPG_KEY': '7169605F62C751356D054A26A821E680E5FA6305',
		'PYTHON_GET_PIP_URL': 'https://github.com/pypa/get-pip/raw/e03e1607ad60522cf34a92e834138eb89f57667c/public/get-pip.py',
		'POSTGRES_PASSWORD': 'mypasswordpong4!',
		'PATH': '/usr/local/bin:/usr/local/sbin:/usr/local/bin:/usr/sbin:/usr/bin:/sbin:/bin',
		'POSTGRES_USER': 'postgres',
		'LANG': 'C.UTF-8',
		'PYTHON_VERSION': '3.12.4',
		'DB_PASSWORD': 'mypasswordpong4!',
		'PWD': '/code',
		'POSTGRES_DB': 'pongdatabase',
		'PYTHON_GET_PIP_SHA256': 'ee09098395e42eb1f82ef4acb231a767a6ae85504a9cf9983223df0a7cbd35d7',
		'DB_HOST': 'db',
		'DB_USER': 'postgres',
		'DJANGO_SETTINGS_MODULE': 'mysite.settings',
		'TZ': 'UTC',
		'RUN_MAIN': 'true',
		'SERVER_NAME': '9d154d5fcc52',
		'GATEWAY_INTERFACE': 'CGI/1.1',
		'SERVER_PORT': '8000',
		'REMOTE_HOST': '',
		'CONTENT_LENGTH': '40',
		'SCRIPT_NAME': '',
		'SERVER_PROTOCOL': 'HTTP/1.0',
		'SERVER_SOFTWARE': 'WSGIServer/0.2',
		'REQUEST_METHOD': 'POST',
		'PATH_INFO': '/scoring/14/',
		'QUERY_STRING': '',
		'REMOTE_ADDR': '172.18.0.4',
		'CONTENT_TYPE': 'application/x-www-form-urlencoded; charset=UTF-8',
		'HTTP_HOST': 'pong.fr',
		'HTTP_X_REAL_IP': '172.18.0.1',
		'HTTP_X_FORWARDED_FOR': '172.18.0.1',
		'HTTP_X_FORWARDED_PROTO': 'https',
		'HTTP_CONNECTION': 'close',
		'HTTP_SEC_CH_UA': '"Google Chrome";v="119",
		"Chromium";v="119",
		"Not?A_Brand";v="24"', 'HTTP_DNT': '1',
		'HTTP_SEC_CH_UA_MOBILE': '?0',
		'HTTP_USER_AGENT': 'Mozilla/5.0 (X11; Linux x86_64) AppleWebKit/537.36 (KHTML, like Gecko) Chrome/119.0.0.0 Safari/537.36',
		'HTTP_ACCEPT': '*/*',
		'HTTP_X_REQUESTED_WITH': 'XMLHttpRequest',
		'HTTP_X_CSRFTOKEN': 'dccO05T3slRjfA9vwiefs2GI4dF05EaL',
		'HTTP_SEC_CH_UA_PLATFORM': '"Linux"',
		'HTTP_ORIGIN': 'https://pong.fr',
		'HTTP_SEC_FETCH_SITE': 'same-origin',
		'HTTP_SEC_FETCH_MODE': 'cors',
		'HTTP_SEC_FETCH_DEST': 'empty',
		'HTTP_REFERER': 'https://pong.fr/game_page/14/',
		'HTTP_ACCEPT_ENCODING': 'gzip, deflate, br, zstd', 'HTTP_ACCEPT_LANGUAGE': 'fr-FR,fr;q=0.9,en-FR;q=0.8,en;q=0.7,en-US;q=0.6',
		'HTTP_COOKIE': 'csrftoken=dccO05T3slRjfA9vwiefs2GI4dF05EaL; sessionid=0sk1cywzf5c2k3isvz6idy91eyjho19e',
		'wsgi.input': <django.core.handlers.wsgi.LimitedStream object at 0x7f4e49f8eec0>,
		'wsgi.errors': <_io.TextIOWrapper name='<stderr>' mode='w' encoding='utf-8'>,
		'wsgi.version': (1, 0),
		'wsgi.run_once': False,
		'wsgi.url_scheme': 'http',
		'wsgi.multithread': True,
		'wsgi.multiprocess': False,
		'wsgi.file_wrapper': <class 'wsgiref.util.FileWrapper'>,'CSRF_COOKIE': 'dccO05T3slRjfA9vwiefs2GI4dF05EaL'}, 'path_info': '/scoring/14/', 'path': '/scoring/14/', 'META': {
			'HOSTNAME': '9d154d5fcc52',
			'PYTHON_PIP_VERSION': '24.0',
			'HOME': '/root',
			'OLDPWD': '/app',
			'DB_NAME': 'pongdatabase',
			'GPG_KEY': '7169605F62C751356D054A26A821E680E5FA6305',
			'PYTHON_GET_PIP_URL': 'https://github.com/pypa/get-pip/raw/e03e1607ad60522cf34a92e834138eb89f57667c/public/get-pip.py',
			'POSTGRES_PASSWORD': 'mypasswordpong4!',
			'PATH': '/usr/local/bin:/usr/local/sbin:/usr/local/bin:/usr/sbin:/usr/bin:/sbin:/bin',
			'POSTGRES_USER': 'postgres',
			'LANG': 'C.UTF-8',
			'PYTHON_VERSION': '3.12.4',
			'DB_PASSWORD': 'mypasswordpong4!',
			'PWD': '/code',
			'POSTGRES_DB': 'pongdatabase',
			'PYTHON_GET_PIP_SHA256': 'ee09098395e42eb1f82ef4acb231a767a6ae85504a9cf9983223df0a7cbd35d7',
			'DB_HOST': 'db',
			'DB_USER': 'postgres',
			'DJANGO_SETTINGS_MODULE': 'mysite.settings',
			'TZ': 'UTC',
			'RUN_MAIN': 'true',
			'SERVER_NAME': '9d154d5fcc52',
			'GATEWAY_INTERFACE': 'CGI/1.1',
			'SERVER_PORT': '8000',
			'REMOTE_HOST': '',
			'CONTENT_LENGTH': '40',
			'SCRIPT_NAME': '',
			'SERVER_PROTOCOL': 'HTTP/1.0',
			'SERVER_SOFTWARE': 'WSGIServer/0.2',
			'REQUEST_METHOD': 'POST',
			'PATH_INFO': '/scoring/14/',
			'QUERY_STRING': '',
			'REMOTE_ADDR': '172.18.0.4',
			'CONTENT_TYPE': 'application/x-www-form-urlencoded; charset=UTF-8',
			'HTTP_HOST': 'pong.fr',
			'HTTP_X_REAL_IP': '172.18.0.1',
			'HTTP_X_FORWARDED_FOR': '172.18.0.1',
			'HTTP_X_FORWARDED_PROTO': 'https',
			'HTTP_CONNECTION': 'close',
			'HTTP_SEC_CH_UA': '"Google Chrome";v="119", "Chromium";v="119", "Not?A_Brand";v="24"',
			'HTTP_DNT': '1',
			'HTTP_SEC_CH_UA_MOBILE': '?0',
			'HTTP_USER_AGENT': 'Mozilla/5.0 (X11; Linux x86_64) AppleWebKit/537.36 (KHTML, like Gecko) Chrome/119.0.0.0 Safari/537.36',
			'HTTP_ACCEPT': '*/*',
			'HTTP_X_REQUESTED_WITH': 'XMLHttpRequest',
			'HTTP_X_CSRFTOKEN': 'dccO05T3slRjfA9vwiefs2GI4dF05EaL',
			'HTTP_SEC_CH_UA_PLATFORM': '"Linux"',
			'HTTP_ORIGIN': 'https://pong.fr',
			'HTTP_SEC_FETCH_SITE': 'same-origin',
			'HTTP_SEC_FETCH_MODE': 'cors',
			'HTTP_SEC_FETCH_DEST': 'empty',
			'HTTP_REFERER': 'https://pong.fr/game_page/14/',
			'HTTP_ACCEPT_ENCODING': 'gzip, deflate, br, zstd',
			'HTTP_ACCEPT_LANGUAGE': 'fr-FR,fr;q=0.9,en-FR;q=0.8,en;q=0.7,en-US;q=0.6',
			'HTTP_COOKIE': 'csrftoken=dccO05T3slRjfA9vwiefs2GI4dF05EaL; sessionid=0sk1cywzf5c2k3isvz6idy91eyjho19e',
			'wsgi.input': <django.core.handlers.wsgi.LimitedStream object at 0x7f4e49f8eec0>,
			'wsgi.errors': <_io.TextIOWrapper name='<stderr>' mode='w' encoding='utf-8'>,
			'wsgi.version': (1, 0),
			'wsgi.run_once': False,
			'wsgi.url_scheme': 'http',
			'wsgi.multithread': True,
			'wsgi.multiprocess': False,
			'wsgi.file_wrapper': <class 'wsgiref.util.FileWrapper'>,
			'CSRF_COOKIE': 'dccO05T3slRjfA9vwiefs2GI4dF05EaL'
		},
		'method': 'POST',
		'content_type': 'application/x-www-form-urlencoded',
		'content_params': {
			'charset': 'UTF-8'
		},
		'_encoding': 'UTF-8',
		'_stream': <_io.BytesIO object at 0x7f4e49fb5620>,
		'_read_started': True,
		'resolver_match': ResolverMatch(func=pong.views.scoring, args=(),
		kwargs={
			'party_id': 14
		},
		url_name='scoring',
		app_names=[],
		namespaces=[],
		route='scoring/<int:party_id>/',
		captured_kwargs={
			'party_id': 14
		}), 'COOKIES': {
			'csrftoken': 'dccO05T3slRjfA9vwiefs2GI4dF05EaL',
			'sessionid': '0sk1cywzf5c2k3isvz6idy91eyjho19e'
		},
		'session': <django.contrib.sessions.backends.db.SessionStore object at 0x7f4e49f8f710>,
		'user': <SimpleLazyObject: <NewUser: abc>>,
		'auser': functools.partial(<function auser at 0x7f4e4af44f40>,
		<WSGIRequest: POST '/scoring/14/'>),
		'_messages': <FallbackStorage: request=<WSGIRequest: POST '/scoring/14/'>>,
		'_body': b'red_score=3&blue_score=0&game_time=11142', '_post': <QueryDict: {
	'red_score': ['3'], 'blue_score': ['0'], 'game_time': ['11142']}>, '_files': <MultiValueDict: {}>, 'csrf_processing_done': True, '_cached_user': <NewUser: abc>
}
DEBUG 2024-07-16 16:15:03,497 views red score: 1
DEBUG 2024-07-17 22:29:41,340 views html in sigin =     
    
    <link href="/static/pong/css/signup.css" rel="stylesheet">
    

    <h1 class="text-center">Pong</h1>
    <section class="login">
        <form action="/signin" method="post">
            <input type="hidden" name="csrfmiddlewaretoken" value="MOOBAsQ7b0fyBaSo4VZBHGcbly27bvrW8PphKhJQwWOxAeCx9Vbqzdgucyt1ihc8">
        
            <label for="email">email</label>
            <input type="text" name="email" placeholder="Email">
        
        
            <label for="password">password</label>
            <input type="password" name="password" placeholder="Password">
        
            <input type="submit" value="Log In">
        </form>
	    <p>New ?<br>Sign up <a href="/signup">here</a></p>

    
    </section>

    


INFO 2024-07-17 22:29:44,640 views html at ajax
DEBUG 2024-07-17 22:29:44,643 views html in signup = 
	
	<link href="/static/pong/css/signup.css" rel="stylesheet">
	<h1 class="text-center">CREATE YOUR ACCOUNT</h1>

	<section>
		<form action="/signup" method="post"  type="file" enctype="multipart/form-data" name="avatar">
			<input type="hidden" name="csrfmiddlewaretoken" value="YqDUWdLg2KarFXqsY4Glh8hQznJn21iwkreA62EZnGJqE1aB34Sa9Fl9qnah9N3I">
		
			<label for="email">email</label>
			<input type="text" name="email" placeholder="Email">

			<label for="password">password</label>
			<input type="password" name="password" placeholder="Password">

			<label for="confirm_password">confirm password</label>
			<input type="password" name="confirm_password" placeholder="Confirm_Password">

			<label for="pseudo">pseudo</label>
			<input type="text" name="pseudo" placeholder="Pseudo">

			<label for="avatar" class="avatar">Select avatar</label>
			<input id="avatar" style="visibility:hidden;" type="file" name="avatar">
		
			<input type="submit" value="SIGN UP">
		</form>
	
		<p>Already registered ?<br>Log in <a href="/signin">here</a></p>
	</section>





DEBUG 2024-07-17 22:30:07,750 views email avant parsing = pedro@gmaim.com
INFO 2024-07-17 22:30:07,750 views oui oui
DEBUG 2024-07-17 22:30:07,750 views email_part = pedro
DEBUG 2024-07-17 22:30:07,751 views domain_part = gmaim.com
DEBUG 2024-07-17 22:30:07,751 views email apres parsing = pedro@gmaim.com
DEBUG 2024-07-17 22:30:07,751 views pseudo = pedro
DEBUG 2024-07-17 22:30:07,751 views password = pedro
DEBUG 2024-07-17 22:30:07,752 views confirm_password = pedro
DEBUG 2024-07-17 22:30:32,128 views email avant parsing = pedro@gmail.com
INFO 2024-07-17 22:30:32,128 views oui oui
DEBUG 2024-07-17 22:30:32,128 views email_part = pedro
DEBUG 2024-07-17 22:30:32,128 views domain_part = gmail.com
DEBUG 2024-07-17 22:30:32,129 views email apres parsing = pedro@gmail.com
DEBUG 2024-07-17 22:30:32,129 views pseudo = pedro
DEBUG 2024-07-17 22:30:32,129 views password = pedro
DEBUG 2024-07-17 22:30:32,129 views confirm_password = pedro
DEBUG 2024-07-17 22:30:36,457 views html in sigin =     
    
    <link href="/static/pong/css/signup.css" rel="stylesheet">
    

    <h1 class="text-center">Pong</h1>
    <section class="login">
        <form action="/signin" method="post">
            <input type="hidden" name="csrfmiddlewaretoken" value="qfA6nBcOT3iXx8fqaFcccgPDZLVQvHATMgbMxq5xeZRWwcZzfFo14NTWQLmKCtl5">
        
            <label for="email">email</label>
            <input type="text" name="email" placeholder="Email">
        
        
            <label for="password">password</label>
            <input type="password" name="password" placeholder="Password">
        
            <input type="submit" value="Log In">
        </form>
	    <p>New ?<br>Sign up <a href="/signup">here</a></p>

    
    </section>

    


INFO 2024-07-18 15:11:04,685 views html at ajax
DEBUG 2024-07-18 15:11:04,691 views html in signup = 
	
	<link href="/static/pong/css/signup.css" rel="stylesheet">
	<h1 class="text-center">CREATE YOUR ACCOUNT</h1>

	<section>
		<form action="/signup" method="post"  type="file" enctype="multipart/form-data" name="avatar">
			<input type="hidden" name="csrfmiddlewaretoken" value="ENBXpjsLe5Wa2oTgGVHLmKEDZOhV7AgcWOFnBElauKmdI19myevxKVebcutST3Y0">
		
			<label for="email">email</label>
			<input type="text" name="email" placeholder="Email">

			<label for="password">password</label>
			<input type="password" name="password" placeholder="Password">

			<label for="confirm_password">confirm password</label>
			<input type="password" name="confirm_password" placeholder="Confirm_Password">

			<label for="pseudo">pseudo</label>
			<input type="text" name="pseudo" placeholder="Pseudo">

			<label for="avatar" class="avatar">Select avatar</label>
			<input id="avatar" style="visibility:hidden;" type="file" name="avatar">
		
			<input type="submit" value="SIGN UP">
		</form>
	
		<p>Already registered ?<br>Log in <a href="/signin">here</a></p>
	</section>





DEBUG 2024-07-18 15:11:18,796 views email avant parsing = xyz@xyz.fr
INFO 2024-07-18 15:11:18,796 views oui oui
DEBUG 2024-07-18 15:11:18,796 views email_part = xyz
DEBUG 2024-07-18 15:11:18,796 views domain_part = xyz.fr
DEBUG 2024-07-18 15:11:18,796 views email apres parsing = xyz@xyz.fr
DEBUG 2024-07-18 15:11:18,796 views pseudo = xyz
DEBUG 2024-07-18 15:11:18,796 views password = xyz
DEBUG 2024-07-18 15:11:18,797 views confirm_password = xyz
DEBUG 2024-07-18 15:11:21,719 views html in sigin =     
    
    <link href="/static/pong/css/signup.css" rel="stylesheet">
    

    <h1 class="text-center">Pong</h1>
    <section class="login">
        <form action="/signin" method="post">
            <input type="hidden" name="csrfmiddlewaretoken" value="I0jj4hXcO3TB6sdbzUl6Pmt15feq2i9301nJgCQB4IjEM5thrd9Sdx3ziVqnOLRR">
        
            <label for="email">email</label>
            <input type="text" name="email" placeholder="Email">
        
        
            <label for="password">password</label>
            <input type="password" name="password" placeholder="Password">
        
            <input type="submit" value="Log In">
        </form>
	    <p>New ?<br>Sign up <a href="/signup">here</a></p>

    
    </section>

    


INFO 2024-07-18 15:11:51,416 views html at ajax
DEBUG 2024-07-18 15:11:51,420 views html in signup = 
	
	<link href="/static/pong/css/signup.css" rel="stylesheet">
	<h1 class="text-center">CREATE YOUR ACCOUNT</h1>

	<section>
		<form action="/signup" method="post"  type="file" enctype="multipart/form-data" name="avatar">
			<input type="hidden" name="csrfmiddlewaretoken" value="38BjAOeQ7vCaqmHw7TZXPh0DIxGJcRb6PwMeakk9BPgqm543K7YLPbBxw7Flq48B">
		
			<label for="email">email</label>
			<input type="text" name="email" placeholder="Email">

			<label for="password">password</label>
			<input type="password" name="password" placeholder="Password">

			<label for="confirm_password">confirm password</label>
			<input type="password" name="confirm_password" placeholder="Confirm_Password">

			<label for="pseudo">pseudo</label>
			<input type="text" name="pseudo" placeholder="Pseudo">

			<label for="avatar" class="avatar">Select avatar</label>
			<input id="avatar" style="visibility:hidden;" type="file" name="avatar">
		
			<input type="submit" value="SIGN UP">
		</form>
	
		<p>Already registered ?<br>Log in <a href="/signin">here</a></p>
	</section>





DEBUG 2024-07-18 15:12:14,303 views email avant parsing = aze@aze.fr
INFO 2024-07-18 15:12:14,303 views oui oui
DEBUG 2024-07-18 15:12:14,303 views email_part = aze
DEBUG 2024-07-18 15:12:14,304 views domain_part = aze.fr
DEBUG 2024-07-18 15:12:14,304 views email apres parsing = aze@aze.fr
DEBUG 2024-07-18 15:12:14,304 views pseudo = aze
DEBUG 2024-07-18 15:12:14,304 views password = aze
DEBUG 2024-07-18 15:12:14,304 views confirm_password = aze
DEBUG 2024-07-18 15:12:16,151 views html in sigin =     
    
    <link href="/static/pong/css/signup.css" rel="stylesheet">
    

    <h1 class="text-center">Pong</h1>
    <section class="login">
        <form action="/signin" method="post">
            <input type="hidden" name="csrfmiddlewaretoken" value="wxyWR8xmUDjEd5OmSy3DIehpiFN1RKpTiVJRrEDFoXXU9ObTvM2rI8Sj6fMD5Xmo">
        
            <label for="email">email</label>
            <input type="text" name="email" placeholder="Email">
        
        
            <label for="password">password</label>
            <input type="password" name="password" placeholder="Password">
        
            <input type="submit" value="Log In">
        </form>
	    <p>New ?<br>Sign up <a href="/signup">here</a></p>

    
    </section>

    


DEBUG 2024-07-18 17:06:11,184 views tournament.participant1 abc: 
DEBUG 2024-07-18 17:06:11,184 views tournament.participant2 None: 
DEBUG 2024-07-18 17:06:11,185 views tournament.participant3 None: 
DEBUG 2024-07-18 17:06:11,185 views tournament.participant4 None: 
INFO 2024-07-18 17:06:11,185 views ---------------
DEBUG 2024-07-18 17:06:14,611 views tournament.participant1 abc: 
DEBUG 2024-07-18 17:06:14,613 views tournament.participant2 pedro: 
DEBUG 2024-07-18 17:06:14,613 views tournament.participant3 None: 
DEBUG 2024-07-18 17:06:14,613 views tournament.participant4 None: 
INFO 2024-07-18 17:06:14,613 views ---------------
DEBUG 2024-07-18 17:06:17,340 views tournament.participant1 abc: 
DEBUG 2024-07-18 17:06:17,342 views tournament.participant2 pedro: 
DEBUG 2024-07-18 17:06:17,343 views tournament.participant3 xyz: 
DEBUG 2024-07-18 17:06:17,343 views tournament.participant4 None: 
INFO 2024-07-18 17:06:17,343 views ---------------
DEBUG 2024-07-18 17:07:52,173 views tournament.participant1 abc: 
DEBUG 2024-07-18 17:07:52,173 views tournament.participant2 None: 
DEBUG 2024-07-18 17:07:52,173 views tournament.participant3 None: 
DEBUG 2024-07-18 17:07:52,173 views tournament.participant4 None: 
INFO 2024-07-18 17:07:52,173 views ---------------
DEBUG 2024-07-18 17:07:53,798 views tournament.participant1 abc: 
DEBUG 2024-07-18 17:07:53,800 views tournament.participant2 xyz: 
DEBUG 2024-07-18 17:07:53,800 views tournament.participant3 None: 
DEBUG 2024-07-18 17:07:53,801 views tournament.participant4 None: 
INFO 2024-07-18 17:07:53,801 views ---------------
DEBUG 2024-07-18 17:08:33,845 views tournament.participant1 abc: 
DEBUG 2024-07-18 17:08:33,846 views tournament.participant2 xyz: 
DEBUG 2024-07-18 17:08:33,848 views tournament.participant3 pedro: 
DEBUG 2024-07-18 17:08:33,848 views tournament.participant4 None: 
INFO 2024-07-18 17:08:33,848 views ---------------
DEBUG 2024-07-18 17:10:56,915 views tournament.participant1 abc: 
DEBUG 2024-07-18 17:10:56,915 views tournament.participant2 None: 
DEBUG 2024-07-18 17:10:56,916 views tournament.participant3 None: 
DEBUG 2024-07-18 17:10:56,916 views tournament.participant4 None: 
INFO 2024-07-18 17:10:56,916 views ---------------
DEBUG 2024-07-18 17:11:01,989 views tournament.participant1 abc: 
DEBUG 2024-07-18 17:11:01,991 views tournament.participant2 xyz: 
DEBUG 2024-07-18 17:11:01,991 views tournament.participant3 None: 
DEBUG 2024-07-18 17:11:01,991 views tournament.participant4 None: 
INFO 2024-07-18 17:11:01,992 views ---------------
DEBUG 2024-07-18 17:11:09,129 views tournament.participant1 abc: 
DEBUG 2024-07-18 17:11:09,130 views tournament.participant2 xyz: 
DEBUG 2024-07-18 17:11:09,131 views tournament.participant3 pedro: 
DEBUG 2024-07-18 17:11:09,132 views tournament.participant4 None: 
INFO 2024-07-18 17:11:09,132 views ---------------
DEBUG 2024-07-18 17:52:32,795 views tournament.participant1 abc: 
DEBUG 2024-07-18 17:52:32,796 views tournament.participant2 None: 
DEBUG 2024-07-18 17:52:32,796 views tournament.participant3 None: 
DEBUG 2024-07-18 17:52:32,797 views tournament.participant4 None: 
INFO 2024-07-18 17:52:32,797 views ---------------
DEBUG 2024-07-18 17:52:37,909 views tournament.participant1 abc: 
DEBUG 2024-07-18 17:52:37,911 views tournament.participant2 pedro: 
DEBUG 2024-07-18 17:52:37,912 views tournament.participant3 None: 
DEBUG 2024-07-18 17:52:37,912 views tournament.participant4 None: 
INFO 2024-07-18 17:52:37,912 views ---------------
DEBUG 2024-07-18 17:52:45,942 views tournament.participant1 abc: 
DEBUG 2024-07-18 17:52:45,944 views tournament.participant2 pedro: 
DEBUG 2024-07-18 17:52:45,945 views tournament.participant3 xyz: 
DEBUG 2024-07-18 17:52:45,945 views tournament.participant4 None: 
INFO 2024-07-18 17:52:45,945 views ---------------
DEBUG 2024-07-18 17:59:24,425 views tournament.participant1 abc: 
DEBUG 2024-07-18 17:59:24,425 views tournament.participant2 None: 
DEBUG 2024-07-18 17:59:24,425 views tournament.participant3 None: 
DEBUG 2024-07-18 17:59:24,426 views tournament.participant4 None: 
INFO 2024-07-18 17:59:24,426 views ---------------
DEBUG 2024-07-18 17:59:26,997 views tournament.participant1 abc: 
DEBUG 2024-07-18 17:59:26,999 views tournament.participant2 xyz: 
DEBUG 2024-07-18 17:59:26,999 views tournament.participant3 None: 
DEBUG 2024-07-18 17:59:26,999 views tournament.participant4 None: 
INFO 2024-07-18 17:59:27,000 views ---------------
DEBUG 2024-07-18 17:59:27,750 views tournament.participant1 abc: 
DEBUG 2024-07-18 17:59:27,752 views tournament.participant2 xyz: 
DEBUG 2024-07-18 17:59:27,753 views tournament.participant3 pedro: 
DEBUG 2024-07-18 17:59:27,753 views tournament.participant4 None: 
INFO 2024-07-18 17:59:27,753 views ---------------
DEBUG 2024-07-18 18:00:37,019 views tournament.participant1 abc: 
DEBUG 2024-07-18 18:00:37,019 views tournament.participant2 None: 
DEBUG 2024-07-18 18:00:37,020 views tournament.participant3 None: 
DEBUG 2024-07-18 18:00:37,020 views tournament.participant4 None: 
INFO 2024-07-18 18:00:37,020 views ---------------
DEBUG 2024-07-18 18:00:40,016 views tournament.participant1 abc: 
DEBUG 2024-07-18 18:00:40,018 views tournament.participant2 xyz: 
DEBUG 2024-07-18 18:00:40,018 views tournament.participant3 None: 
DEBUG 2024-07-18 18:00:40,019 views tournament.participant4 None: 
INFO 2024-07-18 18:00:40,019 views ---------------
DEBUG 2024-07-18 18:00:46,768 views tournament.participant1 abc: 
DEBUG 2024-07-18 18:00:46,769 views tournament.participant2 xyz: 
DEBUG 2024-07-18 18:00:46,770 views tournament.participant3 pedro: 
DEBUG 2024-07-18 18:00:46,770 views tournament.participant4 None: 
INFO 2024-07-18 18:00:46,770 views ---------------
DEBUG 2024-07-18 18:06:59,432 views tournament.participant1 abc: 
DEBUG 2024-07-18 18:06:59,432 views tournament.participant2 None: 
DEBUG 2024-07-18 18:06:59,432 views tournament.participant3 None: 
DEBUG 2024-07-18 18:06:59,432 views tournament.participant4 None: 
INFO 2024-07-18 18:06:59,432 views ---------------
DEBUG 2024-07-18 18:07:01,410 views tournament.participant1 abc: 
DEBUG 2024-07-18 18:07:01,414 views tournament.participant2 xyz: 
DEBUG 2024-07-18 18:07:01,414 views tournament.participant3 None: 
DEBUG 2024-07-18 18:07:01,415 views tournament.participant4 None: 
INFO 2024-07-18 18:07:01,415 views ---------------
DEBUG 2024-07-18 18:07:05,908 views tournament.participant1 abc: 
DEBUG 2024-07-18 18:07:05,910 views tournament.participant2 xyz: 
DEBUG 2024-07-18 18:07:05,920 views tournament.participant3 pedro: 
DEBUG 2024-07-18 18:07:05,921 views tournament.participant4 None: 
INFO 2024-07-18 18:07:05,921 views ---------------
DEBUG 2024-07-18 18:12:30,427 views tournament.participant1 abc: 
DEBUG 2024-07-18 18:12:30,427 views tournament.participant2 None: 
DEBUG 2024-07-18 18:12:30,428 views tournament.participant3 None: 
DEBUG 2024-07-18 18:12:30,428 views tournament.participant4 None: 
INFO 2024-07-18 18:12:30,428 views ---------------
DEBUG 2024-07-18 18:12:31,877 views tournament.participant1 abc: 
DEBUG 2024-07-18 18:12:31,879 views tournament.participant2 xyz: 
DEBUG 2024-07-18 18:12:31,879 views tournament.participant3 None: 
DEBUG 2024-07-18 18:12:31,879 views tournament.participant4 None: 
INFO 2024-07-18 18:12:31,879 views ---------------
DEBUG 2024-07-18 18:12:33,919 views tournament.participant1 abc: 
DEBUG 2024-07-18 18:12:33,921 views tournament.participant2 xyz: 
DEBUG 2024-07-18 18:12:33,923 views tournament.participant3 aze: 
DEBUG 2024-07-18 18:12:33,923 views tournament.participant4 None: 
INFO 2024-07-18 18:12:33,923 views ---------------
DEBUG 2024-07-18 18:13:50,661 views tournament.participant1 abc: 
DEBUG 2024-07-18 18:13:50,662 views tournament.participant2 None: 
DEBUG 2024-07-18 18:13:50,662 views tournament.participant3 None: 
DEBUG 2024-07-18 18:13:50,662 views tournament.participant4 None: 
INFO 2024-07-18 18:13:50,662 views ---------------
DEBUG 2024-07-18 18:13:54,581 views tournament.participant1 abc: 
DEBUG 2024-07-18 18:13:54,583 views tournament.participant2 xyz: 
DEBUG 2024-07-18 18:13:54,583 views tournament.participant3 None: 
DEBUG 2024-07-18 18:13:54,583 views tournament.participant4 None: 
INFO 2024-07-18 18:13:54,584 views ---------------
DEBUG 2024-07-18 18:13:57,246 views tournament.participant1 abc: 
DEBUG 2024-07-18 18:13:57,247 views tournament.participant2 xyz: 
DEBUG 2024-07-18 18:13:57,249 views tournament.participant3 pedro: 
DEBUG 2024-07-18 18:13:57,249 views tournament.participant4 None: 
INFO 2024-07-18 18:13:57,249 views ---------------
DEBUG 2024-07-18 18:19:06,200 views tournament.participant1 abc: 
DEBUG 2024-07-18 18:19:06,200 views tournament.participant2 None: 
DEBUG 2024-07-18 18:19:06,200 views tournament.participant3 None: 
DEBUG 2024-07-18 18:19:06,200 views tournament.participant4 None: 
INFO 2024-07-18 18:19:06,200 views ---------------
DEBUG 2024-07-18 18:19:08,839 views tournament.participant1 abc: 
DEBUG 2024-07-18 18:19:08,841 views tournament.participant2 xyz: 
DEBUG 2024-07-18 18:19:08,842 views tournament.participant3 None: 
DEBUG 2024-07-18 18:19:08,842 views tournament.participant4 None: 
INFO 2024-07-18 18:19:08,842 views ---------------
DEBUG 2024-07-18 18:19:14,101 views tournament.participant1 abc: 
DEBUG 2024-07-18 18:19:14,103 views tournament.participant2 xyz: 
DEBUG 2024-07-18 18:19:14,106 views tournament.participant3 pedro: 
DEBUG 2024-07-18 18:19:14,106 views tournament.participant4 None: 
INFO 2024-07-18 18:19:14,106 views ---------------
DEBUG 2024-07-18 18:21:01,145 views tournament.participant1 abc: 
DEBUG 2024-07-18 18:21:01,145 views tournament.participant2 None: 
DEBUG 2024-07-18 18:21:01,146 views tournament.participant3 None: 
DEBUG 2024-07-18 18:21:01,146 views tournament.participant4 None: 
INFO 2024-07-18 18:21:01,146 views ---------------
DEBUG 2024-07-18 18:21:05,524 views tournament.participant1 abc: 
DEBUG 2024-07-18 18:21:05,528 views tournament.participant2 xyz: 
DEBUG 2024-07-18 18:21:05,528 views tournament.participant3 None: 
DEBUG 2024-07-18 18:21:05,528 views tournament.participant4 None: 
INFO 2024-07-18 18:21:05,529 views ---------------
DEBUG 2024-07-18 18:21:09,455 views tournament.participant1 abc: 
DEBUG 2024-07-18 18:21:09,457 views tournament.participant2 xyz: 
DEBUG 2024-07-18 18:21:09,459 views tournament.participant3 pedro: 
DEBUG 2024-07-18 18:21:09,459 views tournament.participant4 None: 
INFO 2024-07-18 18:21:09,459 views ---------------
DEBUG 2024-07-21 12:24:39,162 views html in sigin =     
    
    <link href="/static/pong/css/signup.css" rel="stylesheet">
    

    <h1 class="text-center">Pong</h1>
    <section class="login">
        <form action="/signin" method="post">
            <input type="hidden" name="csrfmiddlewaretoken" value="5bUDH05W8kyftYg4UxdPmH0A2AhX6QftqObKVEk6rF2STJDL8o9uFIF4r4WcWDfK">
        
            <label for="email">email</label>
            <input type="text" name="email" placeholder="Email">
        
        
            <label for="password">password</label>
            <input type="password" name="password" placeholder="Password">
        
            <input type="submit" value="Log In">
        </form>
	    <p>New ?<br>Sign up <a href="/signup">here</a></p>

    
    </section>

    


DEBUG 2024-07-21 16:40:36,394 views html in sigin =     
    
    <link href="/static/pong/css/signup.css" rel="stylesheet">
    

    <h1 class="text-center">Pong</h1>
    <section class="login">
        <form action="/signin" method="post">
            <input type="hidden" name="csrfmiddlewaretoken" value="kyzoFTdZmRi8K8XLGtMeetPHUbbV3GQEUCixBPWZ2PDPAx4IpVZvQhgrKghN6jwF">
        
            <label for="email">email</label>
            <input type="text" name="email" placeholder="Email">
        
        
            <label for="password">password</label>
            <input type="password" name="password" placeholder="Password">
        
            <input type="submit" value="Log In">
        </form>
	    <p>New ?<br>Sign up <a href="/signup">here</a></p>

    
    </section>

    


DEBUG 2024-07-21 23:06:30,032 views html in sigin =     
    
    <link href="/static/pong/css/signup.css" rel="stylesheet">
    

    <h1 class="text-center">Pong</h1>
    <section class="login">
        <form action="/signin" method="post">
            <input type="hidden" name="csrfmiddlewaretoken" value="gILITyGKbCfMACRlsH069F4Lvao8GmyRtt9S1hm4XaB4cqI43tb1KLBNmfbZau4r">
        
            <label for="email">email</label>
            <input type="text" name="email" placeholder="Email">
        
        
            <label for="password">password</label>
            <input type="password" name="password" placeholder="Password">
        
            <input type="submit" value="Log In">
        </form>
	    <p>New ?<br>Sign up <a href="/signup">here</a></p>

    
    </section>

    


DEBUG 2024-07-21 23:38:18,096 views html in sigin =     
    
    <link href="/static/pong/css/signup.css" rel="stylesheet">
    

    <h1 class="text-center">Pong</h1>
    <section class="login">
        <form action="/signin" method="post">
            <input type="hidden" name="csrfmiddlewaretoken" value="uCJwSsVeTCoEmMvZ3mwpVphSSdZhHZyovfrqy1IjPjzMDMAdObeYVk3NzXSeC0aA">
        
            <label for="email">email</label>
            <input type="text" name="email" placeholder="Email">
        
        
            <label for="password">password</label>
            <input type="password" name="password" placeholder="Password">
        
            <input type="submit" value="Log In">
        </form>
	    <p>New ?<br>Sign up <a href="/signup">here</a></p>

    
    </section>

    


DEBUG 2024-07-21 23:52:17,258 views tournament.participant1 abc: 
DEBUG 2024-07-21 23:52:17,258 views tournament.participant2 None: 
DEBUG 2024-07-21 23:52:17,258 views tournament.participant3 None: 
DEBUG 2024-07-21 23:52:17,259 views tournament.participant4 None: 
INFO 2024-07-21 23:52:17,259 views ---------------
DEBUG 2024-07-21 23:52:33,348 views tournament.participant1 abc: 
DEBUG 2024-07-21 23:52:33,350 views tournament.participant2 pedro: 
DEBUG 2024-07-21 23:52:33,350 views tournament.participant3 None: 
DEBUG 2024-07-21 23:52:33,350 views tournament.participant4 None: 
INFO 2024-07-21 23:52:33,351 views ---------------
DEBUG 2024-07-21 23:52:44,101 views html in sigin =     
    
    <link href="/static/pong/css/signup.css" rel="stylesheet">
    

    <h1 class="text-center">Pong</h1>
    <section class="login">
        <form action="/signin" method="post">
            <input type="hidden" name="csrfmiddlewaretoken" value="6tKHg2osZdzUYUPPi22uSARmwIS2Az0vt4F3mp6Kyelq3vWJzVSv7Y1WF1FUrRff">
        
            <label for="email">email</label>
            <input type="text" name="email" placeholder="Email">
        
        
            <label for="password">password</label>
            <input type="password" name="password" placeholder="Password">
        
            <input type="submit" value="Log In">
        </form>
	    <p>New ?<br>Sign up <a href="/signup">here</a></p>

    
    </section>

    


INFO 2024-07-21 23:52:57,856 views html at ajax
DEBUG 2024-07-21 23:52:57,868 views html in signup = 
	
	<link href="/static/pong/css/signup.css" rel="stylesheet">
	<h1 class="text-center">CREATE YOUR ACCOUNT</h1>

	<section>
		<form action="/signup" method="post"  type="file" enctype="multipart/form-data" name="avatar">
			<input type="hidden" name="csrfmiddlewaretoken" value="76cjlg4gIDfZGGlDGKszluJGhldJBqbNuH7FrDMyhE1vLhsxXDiAASTgqE0BsIqx">
		
			<label for="email">email</label>
			<input type="text" name="email" placeholder="Email">

			<label for="password">password</label>
			<input type="password" name="password" placeholder="Password">

			<label for="confirm_password">confirm password</label>
			<input type="password" name="confirm_password" placeholder="Confirm_Password">

			<label for="pseudo">pseudo</label>
			<input type="text" name="pseudo" placeholder="Pseudo">

			<label for="avatar" class="avatar">Select avatar</label>
			<input id="avatar" style="visibility:hidden;" type="file" name="avatar">
		
			<input type="submit" value="SIGN UP">
		</form>
	
		<p>Already registered ?<br>Log in <a href="/signin">here</a></p>
	</section>





DEBUG 2024-07-21 23:53:08,644 views email avant parsing = lala@lala.fr
INFO 2024-07-21 23:53:08,645 views oui oui
DEBUG 2024-07-21 23:53:08,645 views email_part = lala
DEBUG 2024-07-21 23:53:08,645 views domain_part = lala.fr
DEBUG 2024-07-21 23:53:08,646 views email apres parsing = lala@lala.fr
DEBUG 2024-07-21 23:53:08,647 views pseudo = lala
DEBUG 2024-07-21 23:53:08,647 views password = lala
DEBUG 2024-07-21 23:53:08,647 views confirm_password = lala
DEBUG 2024-07-21 23:53:10,773 views html in sigin =     
    
    <link href="/static/pong/css/signup.css" rel="stylesheet">
    

    <h1 class="text-center">Pong</h1>
    <section class="login">
        <form action="/signin" method="post">
            <input type="hidden" name="csrfmiddlewaretoken" value="C1wYFbVMewRiRcQOzhsUTSi4rkhOz7ssZCrkLyD4NxDOWNXIQaiV8gsEAD4GqpHc">
        
            <label for="email">email</label>
            <input type="text" name="email" placeholder="Email">
        
        
            <label for="password">password</label>
            <input type="password" name="password" placeholder="Password">
        
            <input type="submit" value="Log In">
        </form>
	    <p>New ?<br>Sign up <a href="/signup">here</a></p>

    
    </section>

    


DEBUG 2024-07-21 23:53:32,112 views tournament.participant1 abc: 
DEBUG 2024-07-21 23:53:32,114 views tournament.participant2 pedro: 
DEBUG 2024-07-21 23:53:32,117 views tournament.participant3 xyz: 
DEBUG 2024-07-21 23:53:32,117 views tournament.participant4 None: 
INFO 2024-07-21 23:53:32,117 views ---------------
DEBUG 2024-07-22 16:24:58,378 views html in sigin =     
    
    <link href="/static/pong/css/signup.css" rel="stylesheet">
    

    <h1 class="text-center">Pong</h1>
    <section class="login">
        <form action="/signin" method="post">
            <input type="hidden" name="csrfmiddlewaretoken" value="F7qRzgu3BZsrYSbHdm7dKZrthCx20QHhAGoFQzCYHFqPQWvpeyL8pQQwIyJT5ZJz">
        
            <label for="email">email</label>
            <input type="text" name="email" placeholder="Email">
        
        
            <label for="password">password</label>
            <input type="password" name="password" placeholder="Password">
        
            <input type="submit" value="Log In">
        </form>
	    <p>New ?<br>Sign up <a href="/signup">here</a></p>

    
    </section>

    


DEBUG 2024-07-22 16:25:25,248 views html in sigin =     
    
    <link href="/static/pong/css/signup.css" rel="stylesheet">
    

    <h1 class="text-center">Pong</h1>
    <section class="login">
        <form action="/signin" method="post">
            <input type="hidden" name="csrfmiddlewaretoken" value="ZNDkp7eT59qciXeufv2tjFVZMto28vghWfvRenQU2ty3v0ZgAgIJT9no2ThoE6cJ">
        
            <label for="email">email</label>
            <input type="text" name="email" placeholder="Email">
        
        
            <label for="password">password</label>
            <input type="password" name="password" placeholder="Password">
        
            <input type="submit" value="Log In">
        </form>
	    <p>New ?<br>Sign up <a href="/signup">here</a></p>

    
    </section>

    


DEBUG 2024-07-22 16:25:57,243 views tournament.participant1 abc: 
DEBUG 2024-07-22 16:25:57,244 views tournament.participant2 None: 
DEBUG 2024-07-22 16:25:57,245 views tournament.participant3 None: 
DEBUG 2024-07-22 16:25:57,246 views tournament.participant4 None: 
INFO 2024-07-22 16:25:57,246 views ---------------
DEBUG 2024-07-22 16:26:06,598 views tournament.participant1 abc: 
DEBUG 2024-07-22 16:26:06,603 views tournament.participant2 pedro: 
DEBUG 2024-07-22 16:26:06,604 views tournament.participant3 None: 
DEBUG 2024-07-22 16:26:06,604 views tournament.participant4 None: 
INFO 2024-07-22 16:26:06,604 views ---------------
DEBUG 2024-07-22 16:26:17,348 views tournament.participant1 abc: 
DEBUG 2024-07-22 16:26:17,350 views tournament.participant2 pedro: 
DEBUG 2024-07-22 16:26:17,354 views tournament.participant3 xyz: 
DEBUG 2024-07-22 16:26:17,354 views tournament.participant4 None: 
INFO 2024-07-22 16:26:17,354 views ---------------
DEBUG 2024-07-22 16:49:20,365 views tournament.participant1 abc: 
DEBUG 2024-07-22 16:49:20,366 views tournament.participant2 None: 
DEBUG 2024-07-22 16:49:20,367 views tournament.participant3 None: 
DEBUG 2024-07-22 16:49:20,368 views tournament.participant4 None: 
INFO 2024-07-22 16:49:20,368 views ---------------
DEBUG 2024-07-22 16:49:26,658 views tournament.participant1 abc: 
DEBUG 2024-07-22 16:49:26,661 views tournament.participant2 pedro: 
DEBUG 2024-07-22 16:49:26,661 views tournament.participant3 None: 
DEBUG 2024-07-22 16:49:26,662 views tournament.participant4 None: 
INFO 2024-07-22 16:49:26,662 views ---------------
DEBUG 2024-07-22 16:49:31,329 views tournament.participant1 abc: 
DEBUG 2024-07-22 16:49:31,333 views tournament.participant2 pedro: 
DEBUG 2024-07-22 16:49:31,339 views tournament.participant3 xyz: 
DEBUG 2024-07-22 16:49:31,340 views tournament.participant4 None: 
INFO 2024-07-22 16:49:31,340 views ---------------
DEBUG 2024-07-22 17:05:22,452 views tournament.participant1 abc: 
DEBUG 2024-07-22 17:05:22,453 views tournament.participant2 None: 
DEBUG 2024-07-22 17:05:22,453 views tournament.participant3 None: 
DEBUG 2024-07-22 17:05:22,454 views tournament.participant4 None: 
INFO 2024-07-22 17:05:22,454 views ---------------
DEBUG 2024-07-22 17:07:52,963 views tournament.participant1 abc: 
DEBUG 2024-07-22 17:07:52,964 views tournament.participant2 xyz: 
DEBUG 2024-07-22 17:07:52,965 views tournament.participant3 None: 
DEBUG 2024-07-22 17:07:52,965 views tournament.participant4 None: 
INFO 2024-07-22 17:07:52,965 views ---------------
DEBUG 2024-07-22 17:08:04,019 views tournament.participant1 abc: 
DEBUG 2024-07-22 17:08:04,021 views tournament.participant2 xyz: 
DEBUG 2024-07-22 17:08:04,023 views tournament.participant3 pedro: 
DEBUG 2024-07-22 17:08:04,023 views tournament.participant4 None: 
INFO 2024-07-22 17:08:04,023 views ---------------
DEBUG 2024-07-22 19:04:12,944 views tournament.participant1 abc: 
DEBUG 2024-07-22 19:04:12,944 views tournament.participant2 None: 
DEBUG 2024-07-22 19:04:12,945 views tournament.participant3 None: 
DEBUG 2024-07-22 19:04:12,945 views tournament.participant4 None: 
INFO 2024-07-22 19:04:12,945 views ---------------
DEBUG 2024-07-22 19:04:16,930 views tournament.participant1 abc: 
DEBUG 2024-07-22 19:04:16,932 views tournament.participant2 xyz: 
DEBUG 2024-07-22 19:04:16,932 views tournament.participant3 None: 
DEBUG 2024-07-22 19:04:16,932 views tournament.participant4 None: 
INFO 2024-07-22 19:04:16,932 views ---------------
DEBUG 2024-07-22 19:04:20,337 views tournament.participant1 abc: 
DEBUG 2024-07-22 19:04:20,342 views tournament.participant2 xyz: 
DEBUG 2024-07-22 19:04:20,346 views tournament.participant3 pedro: 
DEBUG 2024-07-22 19:04:20,347 views tournament.participant4 None: 
INFO 2024-07-22 19:04:20,347 views ---------------
DEBUG 2024-07-22 19:08:14,335 views tournament.participant1 abc: 
DEBUG 2024-07-22 19:08:14,336 views tournament.participant2 None: 
DEBUG 2024-07-22 19:08:14,336 views tournament.participant3 None: 
DEBUG 2024-07-22 19:08:14,336 views tournament.participant4 None: 
INFO 2024-07-22 19:08:14,336 views ---------------
DEBUG 2024-07-22 19:08:17,065 views tournament.participant1 abc: 
DEBUG 2024-07-22 19:08:17,067 views tournament.participant2 xyz: 
DEBUG 2024-07-22 19:08:17,067 views tournament.participant3 None: 
DEBUG 2024-07-22 19:08:17,068 views tournament.participant4 None: 
INFO 2024-07-22 19:08:17,068 views ---------------
DEBUG 2024-07-22 19:08:19,480 views tournament.participant1 abc: 
DEBUG 2024-07-22 19:08:19,482 views tournament.participant2 xyz: 
DEBUG 2024-07-22 19:08:19,484 views tournament.participant3 pedro: 
DEBUG 2024-07-22 19:08:19,484 views tournament.participant4 None: 
INFO 2024-07-22 19:08:19,484 views ---------------
DEBUG 2024-07-22 19:15:30,333 views tournament.participant1 abc: 
DEBUG 2024-07-22 19:15:30,333 views tournament.participant2 None: 
DEBUG 2024-07-22 19:15:30,333 views tournament.participant3 None: 
DEBUG 2024-07-22 19:15:30,334 views tournament.participant4 None: 
INFO 2024-07-22 19:15:30,334 views ---------------
DEBUG 2024-07-22 19:15:34,241 views tournament.participant1 abc: 
DEBUG 2024-07-22 19:15:34,248 views tournament.participant2 xyz: 
DEBUG 2024-07-22 19:15:34,250 views tournament.participant3 None: 
DEBUG 2024-07-22 19:15:34,252 views tournament.participant4 None: 
INFO 2024-07-22 19:15:34,253 views ---------------
DEBUG 2024-07-22 19:15:38,267 views tournament.participant1 abc: 
DEBUG 2024-07-22 19:15:38,271 views tournament.participant2 xyz: 
DEBUG 2024-07-22 19:15:38,275 views tournament.participant3 pedro: 
DEBUG 2024-07-22 19:15:38,275 views tournament.participant4 None: 
INFO 2024-07-22 19:15:38,276 views ---------------
DEBUG 2024-07-22 19:16:30,202 views html in sigin =     
    
    <link href="/static/pong/css/signup.css" rel="stylesheet">
    

    <h1 class="text-center">Pong</h1>
    <section class="login">
        <form action="/signin" method="post">
            <input type="hidden" name="csrfmiddlewaretoken" value="xlAxiWgngdyabfz4RCXg1BguGtw03x1D0UkjdKhkn5sENpMtb72koj2GEKeAFvzZ">
        
            <label for="email">email</label>
            <input type="text" name="email" placeholder="Email">
        
        
            <label for="password">password</label>
            <input type="password" name="password" placeholder="Password">
        
            <input type="submit" value="Log In">
        </form>
	    <p>New ?<br>Sign up <a href="/signup">here</a></p>

    
    </section>

    


DEBUG 2024-07-22 19:17:05,375 views tournament.participant1 abc: 
DEBUG 2024-07-22 19:17:05,375 views tournament.participant2 None: 
DEBUG 2024-07-22 19:17:05,375 views tournament.participant3 None: 
DEBUG 2024-07-22 19:17:05,376 views tournament.participant4 None: 
INFO 2024-07-22 19:17:05,376 views ---------------
DEBUG 2024-07-22 19:17:08,550 views tournament.participant1 abc: 
DEBUG 2024-07-22 19:17:08,554 views tournament.participant2 xyz: 
DEBUG 2024-07-22 19:17:08,555 views tournament.participant3 None: 
DEBUG 2024-07-22 19:17:08,555 views tournament.participant4 None: 
INFO 2024-07-22 19:17:08,555 views ---------------
DEBUG 2024-07-22 19:17:10,554 views tournament.participant1 abc: 
DEBUG 2024-07-22 19:17:10,555 views tournament.participant2 xyz: 
DEBUG 2024-07-22 19:17:10,556 views tournament.participant3 pedro: 
DEBUG 2024-07-22 19:17:10,556 views tournament.participant4 None: 
INFO 2024-07-22 19:17:10,557 views ---------------
DEBUG 2024-07-22 19:20:06,042 views tournament.participant1 abc: 
DEBUG 2024-07-22 19:20:06,043 views tournament.participant2 None: 
DEBUG 2024-07-22 19:20:06,043 views tournament.participant3 None: 
DEBUG 2024-07-22 19:20:06,043 views tournament.participant4 None: 
INFO 2024-07-22 19:20:06,043 views ---------------
DEBUG 2024-07-22 19:20:09,313 views tournament.participant1 abc: 
DEBUG 2024-07-22 19:20:09,317 views tournament.participant2 xyz: 
DEBUG 2024-07-22 19:20:09,317 views tournament.participant3 None: 
DEBUG 2024-07-22 19:20:09,317 views tournament.participant4 None: 
INFO 2024-07-22 19:20:09,318 views ---------------
DEBUG 2024-07-22 19:20:13,735 views tournament.participant1 abc: 
DEBUG 2024-07-22 19:20:13,737 views tournament.participant2 xyz: 
DEBUG 2024-07-22 19:20:13,739 views tournament.participant3 pedro: 
DEBUG 2024-07-22 19:20:13,739 views tournament.participant4 None: 
INFO 2024-07-22 19:20:13,739 views ---------------
DEBUG 2024-07-22 19:24:14,393 views tournament.participant1 abc: 
DEBUG 2024-07-22 19:24:14,393 views tournament.participant2 None: 
DEBUG 2024-07-22 19:24:14,393 views tournament.participant3 None: 
DEBUG 2024-07-22 19:24:14,393 views tournament.participant4 None: 
INFO 2024-07-22 19:24:14,393 views ---------------
DEBUG 2024-07-22 19:24:16,880 views tournament.participant1 abc: 
DEBUG 2024-07-22 19:24:16,882 views tournament.participant2 xyz: 
DEBUG 2024-07-22 19:24:16,882 views tournament.participant3 None: 
DEBUG 2024-07-22 19:24:16,882 views tournament.participant4 None: 
INFO 2024-07-22 19:24:16,883 views ---------------
DEBUG 2024-07-22 19:25:45,067 views tournament.participant1 abc: 
DEBUG 2024-07-22 19:25:45,071 views tournament.participant2 xyz: 
DEBUG 2024-07-22 19:25:45,073 views tournament.participant3 pedro: 
DEBUG 2024-07-22 19:25:45,073 views tournament.participant4 None: 
INFO 2024-07-22 19:25:45,074 views ---------------
DEBUG 2024-07-22 19:35:08,824 views html in sigin =     
    
    <link href="/static/pong/css/signup.css" rel="stylesheet">
    

    <h1 class="text-center">Pong</h1>
    <section class="login">
        <form action="/signin" method="post">
            <input type="hidden" name="csrfmiddlewaretoken" value="Of1B8Hyd0BtNQMok45nIsKG3hdG1PiBBRXuhvYA52G3yCH2rOxauAfoLsTfTWjHp">
        
            <label for="email">email</label>
            <input type="text" name="email" placeholder="Email">
        
        
            <label for="password">password</label>
            <input type="password" name="password" placeholder="Password">
        
            <input type="submit" value="Log In">
        </form>
	    <p>New ?<br>Sign up <a href="/signup">here</a></p>

    
    </section>

    


DEBUG 2024-07-22 19:35:22,735 views tournament.participant1 abc: 
DEBUG 2024-07-22 19:35:22,736 views tournament.participant2 None: 
DEBUG 2024-07-22 19:35:22,736 views tournament.participant3 None: 
DEBUG 2024-07-22 19:35:22,736 views tournament.participant4 None: 
INFO 2024-07-22 19:35:22,737 views ---------------
DEBUG 2024-07-22 19:35:26,189 views tournament.participant1 abc: 
DEBUG 2024-07-22 19:35:26,192 views tournament.participant2 xyz: 
DEBUG 2024-07-22 19:35:26,192 views tournament.participant3 None: 
DEBUG 2024-07-22 19:35:26,192 views tournament.participant4 None: 
INFO 2024-07-22 19:35:26,193 views ---------------
DEBUG 2024-07-22 19:35:29,350 views tournament.participant1 abc: 
DEBUG 2024-07-22 19:35:29,352 views tournament.participant2 xyz: 
DEBUG 2024-07-22 19:35:29,353 views tournament.participant3 pedro: 
DEBUG 2024-07-22 19:35:29,353 views tournament.participant4 None: 
INFO 2024-07-22 19:35:29,353 views ---------------
DEBUG 2024-07-22 19:38:46,234 views tournament.participant1 abc: 
DEBUG 2024-07-22 19:38:46,234 views tournament.participant2 None: 
DEBUG 2024-07-22 19:38:46,235 views tournament.participant3 None: 
DEBUG 2024-07-22 19:38:46,235 views tournament.participant4 None: 
INFO 2024-07-22 19:38:46,235 views ---------------
DEBUG 2024-07-22 19:38:50,919 views tournament.participant1 abc: 
DEBUG 2024-07-22 19:38:50,925 views tournament.participant2 xyz: 
DEBUG 2024-07-22 19:38:50,926 views tournament.participant3 None: 
DEBUG 2024-07-22 19:38:50,927 views tournament.participant4 None: 
INFO 2024-07-22 19:38:50,928 views ---------------
DEBUG 2024-07-22 19:38:59,202 views tournament.participant1 abc: 
DEBUG 2024-07-22 19:38:59,204 views tournament.participant2 xyz: 
DEBUG 2024-07-22 19:38:59,205 views tournament.participant3 pedro: 
DEBUG 2024-07-22 19:38:59,205 views tournament.participant4 None: 
INFO 2024-07-22 19:38:59,205 views ---------------
DEBUG 2024-07-23 13:21:12,595 views tournament.participant1 abc: 
DEBUG 2024-07-23 13:21:12,595 views tournament.participant2 None: 
DEBUG 2024-07-23 13:21:12,595 views tournament.participant3 None: 
DEBUG 2024-07-23 13:21:12,596 views tournament.participant4 None: 
INFO 2024-07-23 13:21:12,596 views ---------------
DEBUG 2024-07-23 14:18:39,219 views tournament.participant1 abc: 
DEBUG 2024-07-23 14:18:39,221 views tournament.participant2 xyz: 
DEBUG 2024-07-23 14:18:39,221 views tournament.participant3 None: 
DEBUG 2024-07-23 14:18:39,222 views tournament.participant4 None: 
INFO 2024-07-23 14:18:39,222 views ---------------
DEBUG 2024-07-24 00:06:26,674 views tournament.participant1 admin: 
DEBUG 2024-07-24 00:06:26,675 views tournament.participant2 None: 
DEBUG 2024-07-24 00:06:26,675 views tournament.participant3 None: 
DEBUG 2024-07-24 00:06:26,675 views tournament.participant4 None: 
INFO 2024-07-24 00:06:26,675 views ---------------
DEBUG 2024-07-24 00:06:29,329 views tournament.participant1 admin: 
DEBUG 2024-07-24 00:06:29,330 views tournament.participant2 None: 
DEBUG 2024-07-24 00:06:29,330 views tournament.participant3 None: 
DEBUG 2024-07-24 00:06:29,330 views tournament.participant4 None: 
INFO 2024-07-24 00:06:29,331 views ---------------
DEBUG 2024-07-24 00:06:32,114 views tournament.participant1 admin: 
DEBUG 2024-07-24 00:06:32,114 views tournament.participant2 None: 
DEBUG 2024-07-24 00:06:32,114 views tournament.participant3 None: 
DEBUG 2024-07-24 00:06:32,115 views tournament.participant4 None: 
INFO 2024-07-24 00:06:32,115 views ---------------
DEBUG 2024-07-24 00:06:37,457 views tournament.participant1 admin: 
DEBUG 2024-07-24 00:06:37,457 views tournament.participant2 None: 
DEBUG 2024-07-24 00:06:37,458 views tournament.participant3 None: 
DEBUG 2024-07-24 00:06:37,458 views tournament.participant4 None: 
INFO 2024-07-24 00:06:37,458 views ---------------
DEBUG 2024-07-24 00:07:06,012 views tournament.participant1 admin: 
DEBUG 2024-07-24 00:07:06,014 views tournament.participant2 xyz: 
DEBUG 2024-07-24 00:07:06,014 views tournament.participant3 None: 
DEBUG 2024-07-24 00:07:06,014 views tournament.participant4 None: 
INFO 2024-07-24 00:07:06,014 views ---------------
DEBUG 2024-07-24 00:07:58,252 views tournament.participant1 admin: 
DEBUG 2024-07-24 00:07:58,254 views tournament.participant2 xyz: 
DEBUG 2024-07-24 00:07:58,254 views tournament.participant3 None: 
DEBUG 2024-07-24 00:07:58,255 views tournament.participant4 None: 
INFO 2024-07-24 00:07:58,255 views ---------------
INFO 2024-07-24 00:12:13,820 views empty alias
DEBUG 2024-07-24 00:12:29,666 views tournament.participant1 admin: 
DEBUG 2024-07-24 00:12:29,669 views tournament.participant2 xyz: 
DEBUG 2024-07-24 00:12:29,669 views tournament.participant3 None: 
DEBUG 2024-07-24 00:12:29,669 views tournament.participant4 None: 
INFO 2024-07-24 00:12:29,670 views ---------------
INFO 2024-07-24 00:12:29,670 views alias taken
DEBUG 2024-07-24 00:13:43,763 views tournament.participant1 admin: 
DEBUG 2024-07-24 00:13:43,764 views tournament.participant2 xyz: 
DEBUG 2024-07-24 00:13:43,765 views tournament.participant3 None: 
DEBUG 2024-07-24 00:13:43,765 views tournament.participant4 None: 
INFO 2024-07-24 00:13:43,765 views ---------------
DEBUG 2024-07-24 00:13:46,155 views tournament.participant1 admin: 
DEBUG 2024-07-24 00:13:46,156 views tournament.participant2 xyz: 
DEBUG 2024-07-24 00:13:46,157 views tournament.participant3 pedro: 
DEBUG 2024-07-24 00:13:46,157 views tournament.participant4 None: 
INFO 2024-07-24 00:13:46,158 views ---------------
DEBUG 2024-07-24 00:19:53,916 views tournament.participant1 admin: 
DEBUG 2024-07-24 00:19:53,917 views tournament.participant2 None: 
DEBUG 2024-07-24 00:19:53,917 views tournament.participant3 None: 
DEBUG 2024-07-24 00:19:53,917 views tournament.participant4 None: 
INFO 2024-07-24 00:19:53,917 views ---------------
DEBUG 2024-07-24 00:19:57,960 views tournament.participant1 admin: 
DEBUG 2024-07-24 00:19:57,962 views tournament.participant2 xyz: 
DEBUG 2024-07-24 00:19:57,962 views tournament.participant3 None: 
DEBUG 2024-07-24 00:19:57,963 views tournament.participant4 None: 
INFO 2024-07-24 00:19:57,963 views ---------------
DEBUG 2024-07-24 00:20:01,899 views tournament.participant1 admin: 
DEBUG 2024-07-24 00:20:01,901 views tournament.participant2 xyz: 
DEBUG 2024-07-24 00:20:01,902 views tournament.participant3 pedro: 
DEBUG 2024-07-24 00:20:01,903 views tournament.participant4 None: 
INFO 2024-07-24 00:20:01,903 views ---------------
DEBUG 2024-07-24 00:28:22,506 views tournament.participant1 pedro: 
DEBUG 2024-07-24 00:28:22,506 views tournament.participant2 None: 
DEBUG 2024-07-24 00:28:22,507 views tournament.participant3 None: 
DEBUG 2024-07-24 00:28:22,507 views tournament.participant4 None: 
INFO 2024-07-24 00:28:22,507 views ---------------
DEBUG 2024-07-24 00:28:25,987 views tournament.participant1 pedro: 
DEBUG 2024-07-24 00:28:25,989 views tournament.participant2 admin: 
DEBUG 2024-07-24 00:28:25,989 views tournament.participant3 None: 
DEBUG 2024-07-24 00:28:25,989 views tournament.participant4 None: 
INFO 2024-07-24 00:28:25,989 views ---------------
DEBUG 2024-07-24 00:28:34,443 views tournament.participant1 pedro: 
DEBUG 2024-07-24 00:28:34,445 views tournament.participant2 admin: 
DEBUG 2024-07-24 00:28:34,446 views tournament.participant3 xyz: 
DEBUG 2024-07-24 00:28:34,446 views tournament.participant4 None: 
INFO 2024-07-24 00:28:34,446 views ---------------
DEBUG 2024-07-24 00:40:13,322 views tournament.participant1 admin: 
DEBUG 2024-07-24 00:40:13,323 views tournament.participant2 None: 
DEBUG 2024-07-24 00:40:13,323 views tournament.participant3 None: 
DEBUG 2024-07-24 00:40:13,323 views tournament.participant4 None: 
INFO 2024-07-24 00:40:13,323 views ---------------
DEBUG 2024-07-24 00:40:20,412 views tournament.participant1 admin: 
DEBUG 2024-07-24 00:40:20,414 views tournament.participant2 pedro: 
DEBUG 2024-07-24 00:40:20,414 views tournament.participant3 None: 
DEBUG 2024-07-24 00:40:20,414 views tournament.participant4 None: 
INFO 2024-07-24 00:40:20,415 views ---------------
DEBUG 2024-07-24 00:40:28,027 views tournament.participant1 admin: 
DEBUG 2024-07-24 00:40:28,028 views tournament.participant2 pedro: 
DEBUG 2024-07-24 00:40:28,031 views tournament.participant3 xyz: 
DEBUG 2024-07-24 00:40:28,031 views tournament.participant4 None: 
INFO 2024-07-24 00:40:28,031 views ---------------
DEBUG 2024-07-24 00:46:31,104 views tournament.participant1 admin: 
DEBUG 2024-07-24 00:46:31,105 views tournament.participant2 None: 
DEBUG 2024-07-24 00:46:31,105 views tournament.participant3 None: 
DEBUG 2024-07-24 00:46:31,105 views tournament.participant4 None: 
INFO 2024-07-24 00:46:31,105 views ---------------
DEBUG 2024-07-24 00:46:33,981 views tournament.participant1 admin: 
DEBUG 2024-07-24 00:46:33,984 views tournament.participant2 xyz: 
DEBUG 2024-07-24 00:46:33,984 views tournament.participant3 None: 
DEBUG 2024-07-24 00:46:33,984 views tournament.participant4 None: 
INFO 2024-07-24 00:46:33,985 views ---------------
DEBUG 2024-07-24 00:46:36,714 views tournament.participant1 admin: 
DEBUG 2024-07-24 00:46:36,716 views tournament.participant2 xyz: 
DEBUG 2024-07-24 00:46:36,718 views tournament.participant3 pedro: 
DEBUG 2024-07-24 00:46:36,718 views tournament.participant4 None: 
INFO 2024-07-24 00:46:36,718 views ---------------
INFO 2024-07-24 00:48:11,068 views party2
DEBUG 2024-07-24 00:50:41,386 views tournament.participant1 admin: 
DEBUG 2024-07-24 00:50:41,386 views tournament.participant2 None: 
DEBUG 2024-07-24 00:50:41,387 views tournament.participant3 None: 
DEBUG 2024-07-24 00:50:41,387 views tournament.participant4 None: 
INFO 2024-07-24 00:50:41,387 views ---------------
DEBUG 2024-07-24 00:50:45,367 views tournament.participant1 admin: 
DEBUG 2024-07-24 00:50:45,370 views tournament.participant2 xyz: 
DEBUG 2024-07-24 00:50:45,370 views tournament.participant3 None: 
DEBUG 2024-07-24 00:50:45,370 views tournament.participant4 None: 
INFO 2024-07-24 00:50:45,371 views ---------------
DEBUG 2024-07-24 00:50:48,718 views tournament.participant1 admin: 
DEBUG 2024-07-24 00:50:48,723 views tournament.participant2 xyz: 
DEBUG 2024-07-24 00:50:48,726 views tournament.participant3 pedro: 
DEBUG 2024-07-24 00:50:48,727 views tournament.participant4 None: 
INFO 2024-07-24 00:50:48,728 views ---------------
INFO 2024-07-24 00:51:04,861 views party2
DEBUG 2024-07-24 00:52:29,132 views tournament.participant1 admin: 
DEBUG 2024-07-24 00:52:29,132 views tournament.participant2 None: 
DEBUG 2024-07-24 00:52:29,133 views tournament.participant3 None: 
DEBUG 2024-07-24 00:52:29,133 views tournament.participant4 None: 
INFO 2024-07-24 00:52:29,133 views ---------------
DEBUG 2024-07-24 00:52:32,940 views tournament.participant1 admin: 
DEBUG 2024-07-24 00:52:32,943 views tournament.participant2 xyz: 
DEBUG 2024-07-24 00:52:32,943 views tournament.participant3 None: 
DEBUG 2024-07-24 00:52:32,943 views tournament.participant4 None: 
INFO 2024-07-24 00:52:32,943 views ---------------
DEBUG 2024-07-24 00:52:37,324 views tournament.participant1 admin: 
DEBUG 2024-07-24 00:52:37,326 views tournament.participant2 xyz: 
DEBUG 2024-07-24 00:52:37,328 views tournament.participant3 pedro: 
DEBUG 2024-07-24 00:52:37,328 views tournament.participant4 None: 
INFO 2024-07-24 00:52:37,328 views ---------------
INFO 2024-07-24 00:52:51,504 views party2
DEBUG 2024-07-24 00:58:37,531 views tournament.participant1 admin: 
DEBUG 2024-07-24 00:58:37,531 views tournament.participant2 None: 
DEBUG 2024-07-24 00:58:37,532 views tournament.participant3 None: 
DEBUG 2024-07-24 00:58:37,532 views tournament.participant4 None: 
INFO 2024-07-24 00:58:37,532 views ---------------
DEBUG 2024-07-24 00:58:42,130 views tournament.participant1 admin: 
DEBUG 2024-07-24 00:58:42,133 views tournament.participant2 xyz: 
DEBUG 2024-07-24 00:58:42,134 views tournament.participant3 None: 
DEBUG 2024-07-24 00:58:42,134 views tournament.participant4 None: 
INFO 2024-07-24 00:58:42,135 views ---------------
DEBUG 2024-07-24 00:58:45,722 views tournament.participant1 admin: 
DEBUG 2024-07-24 00:58:45,724 views tournament.participant2 xyz: 
DEBUG 2024-07-24 00:58:45,725 views tournament.participant3 pedro: 
DEBUG 2024-07-24 00:58:45,726 views tournament.participant4 None: 
INFO 2024-07-24 00:58:45,726 views ---------------
INFO 2024-07-24 00:58:57,217 views party2
DEBUG 2024-07-24 01:08:59,205 views tournament.participant1 admin: 
DEBUG 2024-07-24 01:08:59,206 views tournament.participant2 None: 
DEBUG 2024-07-24 01:08:59,206 views tournament.participant3 None: 
DEBUG 2024-07-24 01:08:59,206 views tournament.participant4 None: 
INFO 2024-07-24 01:08:59,206 views ---------------
DEBUG 2024-07-24 01:09:02,001 views tournament.participant1 admin: 
DEBUG 2024-07-24 01:09:02,003 views tournament.participant2 xyz: 
DEBUG 2024-07-24 01:09:02,004 views tournament.participant3 None: 
DEBUG 2024-07-24 01:09:02,004 views tournament.participant4 None: 
INFO 2024-07-24 01:09:02,004 views ---------------
DEBUG 2024-07-24 01:09:04,685 views tournament.participant1 admin: 
DEBUG 2024-07-24 01:09:04,687 views tournament.participant2 xyz: 
DEBUG 2024-07-24 01:09:04,689 views tournament.participant3 pedro: 
DEBUG 2024-07-24 01:09:04,689 views tournament.participant4 None: 
INFO 2024-07-24 01:09:04,689 views ---------------
INFO 2024-07-24 01:09:28,252 views party2
DEBUG 2024-07-24 01:10:15,956 views ared: b
DEBUG 2024-07-24 01:10:15,957 views ablue: c
INFO 2024-07-24 01:10:36,547 views -- -fin- --
DEBUG 2024-07-24 01:13:17,806 views tournament.participant1 admin: 
DEBUG 2024-07-24 01:13:17,806 views tournament.participant2 None: 
DEBUG 2024-07-24 01:13:17,806 views tournament.participant3 None: 
DEBUG 2024-07-24 01:13:17,806 views tournament.participant4 None: 
INFO 2024-07-24 01:13:17,806 views ---------------
DEBUG 2024-07-24 01:13:22,162 views tournament.participant1 admin: 
DEBUG 2024-07-24 01:13:22,165 views tournament.participant2 xyz: 
DEBUG 2024-07-24 01:13:22,166 views tournament.participant3 None: 
DEBUG 2024-07-24 01:13:22,166 views tournament.participant4 None: 
INFO 2024-07-24 01:13:22,166 views ---------------
DEBUG 2024-07-24 01:13:26,640 views tournament.participant1 admin: 
DEBUG 2024-07-24 01:13:26,642 views tournament.participant2 xyz: 
DEBUG 2024-07-24 01:13:26,643 views tournament.participant3 pedro: 
DEBUG 2024-07-24 01:13:26,644 views tournament.participant4 None: 
INFO 2024-07-24 01:13:26,644 views ---------------
INFO 2024-07-24 01:13:41,396 views party2
DEBUG 2024-07-24 01:15:00,451 views tournament.participant1 admin: 
DEBUG 2024-07-24 01:15:00,453 views tournament.participant2 None: 
DEBUG 2024-07-24 01:15:00,454 views tournament.participant3 None: 
DEBUG 2024-07-24 01:15:00,454 views tournament.participant4 None: 
INFO 2024-07-24 01:15:00,455 views ---------------
DEBUG 2024-07-24 01:15:05,520 views tournament.participant1 admin: 
DEBUG 2024-07-24 01:15:05,525 views tournament.participant2 pedro: 
DEBUG 2024-07-24 01:15:05,526 views tournament.participant3 None: 
DEBUG 2024-07-24 01:15:05,526 views tournament.participant4 None: 
INFO 2024-07-24 01:15:05,527 views ---------------
DEBUG 2024-07-24 01:15:08,280 views tournament.participant1 admin: 
DEBUG 2024-07-24 01:15:08,284 views tournament.participant2 pedro: 
DEBUG 2024-07-24 01:15:08,286 views tournament.participant3 xyz: 
DEBUG 2024-07-24 01:15:08,286 views tournament.participant4 None: 
INFO 2024-07-24 01:15:08,287 views ---------------
INFO 2024-07-24 01:15:23,486 views party2
DEBUG 2024-07-24 01:16:46,541 views tournament.participant1 admin: 
DEBUG 2024-07-24 01:16:46,541 views tournament.participant2 None: 
DEBUG 2024-07-24 01:16:46,542 views tournament.participant3 None: 
DEBUG 2024-07-24 01:16:46,542 views tournament.participant4 None: 
INFO 2024-07-24 01:16:46,542 views ---------------
DEBUG 2024-07-24 01:16:54,934 views tournament.participant1 admin: 
DEBUG 2024-07-24 01:16:54,936 views tournament.participant2 xyz: 
DEBUG 2024-07-24 01:16:54,936 views tournament.participant3 None: 
DEBUG 2024-07-24 01:16:54,936 views tournament.participant4 None: 
INFO 2024-07-24 01:16:54,937 views ---------------
DEBUG 2024-07-24 01:16:57,719 views tournament.participant1 admin: 
DEBUG 2024-07-24 01:16:57,722 views tournament.participant2 xyz: 
DEBUG 2024-07-24 01:16:57,724 views tournament.participant3 pedro: 
DEBUG 2024-07-24 01:16:57,725 views tournament.participant4 None: 
INFO 2024-07-24 01:16:57,725 views ---------------
INFO 2024-07-24 01:17:12,020 views party2
DEBUG 2024-07-24 01:17:12,035 views ared: c
DEBUG 2024-07-24 01:17:12,035 views ablue: d
DEBUG 2024-07-24 01:20:47,847 views tournament.participant1 admin: 
DEBUG 2024-07-24 01:20:47,847 views tournament.participant2 None: 
DEBUG 2024-07-24 01:20:47,847 views tournament.participant3 None: 
DEBUG 2024-07-24 01:20:47,847 views tournament.participant4 None: 
INFO 2024-07-24 01:20:47,847 views ---------------
DEBUG 2024-07-24 01:20:50,610 views tournament.participant1 admin: 
DEBUG 2024-07-24 01:20:50,615 views tournament.participant2 xyz: 
DEBUG 2024-07-24 01:20:50,615 views tournament.participant3 None: 
DEBUG 2024-07-24 01:20:50,615 views tournament.participant4 None: 
INFO 2024-07-24 01:20:50,616 views ---------------
DEBUG 2024-07-24 01:20:53,923 views tournament.participant1 admin: 
DEBUG 2024-07-24 01:20:53,925 views tournament.participant2 xyz: 
DEBUG 2024-07-24 01:20:53,927 views tournament.participant3 pedro: 
DEBUG 2024-07-24 01:20:53,927 views tournament.participant4 None: 
INFO 2024-07-24 01:20:53,927 views ---------------
INFO 2024-07-24 01:21:19,411 views party2
DEBUG 2024-07-24 01:21:19,426 views ared: c
DEBUG 2024-07-24 01:21:19,426 views ablue: d
DEBUG 2024-07-24 01:35:14,001 views tournament.participant1 admin: 
DEBUG 2024-07-24 01:35:14,001 views tournament.participant2 None: 
DEBUG 2024-07-24 01:35:14,001 views tournament.participant3 None: 
DEBUG 2024-07-24 01:35:14,001 views tournament.participant4 None: 
INFO 2024-07-24 01:35:14,001 views ---------------
DEBUG 2024-07-24 01:35:19,219 views tournament.participant1 admin: 
DEBUG 2024-07-24 01:35:19,225 views tournament.participant2 xyz: 
DEBUG 2024-07-24 01:35:19,226 views tournament.participant3 None: 
DEBUG 2024-07-24 01:35:19,227 views tournament.participant4 None: 
INFO 2024-07-24 01:35:19,228 views ---------------
DEBUG 2024-07-24 01:35:22,398 views tournament.participant1 admin: 
DEBUG 2024-07-24 01:35:22,400 views tournament.participant2 xyz: 
DEBUG 2024-07-24 01:35:22,402 views tournament.participant3 pedro: 
DEBUG 2024-07-24 01:35:22,402 views tournament.participant4 None: 
INFO 2024-07-24 01:35:22,402 views ---------------
INFO 2024-07-24 01:35:38,559 views party2
DEBUG 2024-07-24 01:35:38,582 views ared: c
DEBUG 2024-07-24 01:35:38,582 views ablue: d
DEBUG 2024-07-24 01:40:44,403 views tournament.participant1 admin: 
DEBUG 2024-07-24 01:40:44,403 views tournament.participant2 None: 
DEBUG 2024-07-24 01:40:44,404 views tournament.participant3 None: 
DEBUG 2024-07-24 01:40:44,404 views tournament.participant4 None: 
INFO 2024-07-24 01:40:44,404 views ---------------
DEBUG 2024-07-24 01:40:47,385 views tournament.participant1 admin: 
DEBUG 2024-07-24 01:40:47,392 views tournament.participant2 xyz: 
DEBUG 2024-07-24 01:40:47,393 views tournament.participant3 None: 
DEBUG 2024-07-24 01:40:47,393 views tournament.participant4 None: 
INFO 2024-07-24 01:40:47,394 views ---------------
DEBUG 2024-07-24 01:40:49,720 views tournament.participant1 admin: 
DEBUG 2024-07-24 01:40:49,721 views tournament.participant2 xyz: 
DEBUG 2024-07-24 01:40:49,723 views tournament.participant3 pedro: 
DEBUG 2024-07-24 01:40:49,723 views tournament.participant4 None: 
INFO 2024-07-24 01:40:49,723 views ---------------
INFO 2024-07-24 01:41:07,994 views party2
DEBUG 2024-07-24 01:41:08,005 views ared: c
DEBUG 2024-07-24 01:41:08,005 views ablue: d
DEBUG 2024-07-24 01:41:19,768 views ared: a
DEBUG 2024-07-24 01:41:19,768 views ablue: d
INFO 2024-07-24 01:41:32,560 views -- -fin- --
DEBUG 2024-07-24 01:45:31,844 views tournament.participant1 admin: 
DEBUG 2024-07-24 01:45:31,844 views tournament.participant2 None: 
DEBUG 2024-07-24 01:45:31,845 views tournament.participant3 None: 
DEBUG 2024-07-24 01:45:31,845 views tournament.participant4 None: 
INFO 2024-07-24 01:45:31,845 views ---------------
DEBUG 2024-07-24 01:45:36,425 views tournament.participant1 admin: 
DEBUG 2024-07-24 01:45:36,427 views tournament.participant2 xyz: 
DEBUG 2024-07-24 01:45:36,428 views tournament.participant3 None: 
DEBUG 2024-07-24 01:45:36,428 views tournament.participant4 None: 
INFO 2024-07-24 01:45:36,429 views ---------------
DEBUG 2024-07-24 01:47:27,223 views tournament.participant1 admin: 
DEBUG 2024-07-24 01:47:27,226 views tournament.participant2 xyz: 
DEBUG 2024-07-24 01:47:27,228 views tournament.participant3 pedro: 
DEBUG 2024-07-24 01:47:27,228 views tournament.participant4 None: 
INFO 2024-07-24 01:47:27,228 views ---------------
INFO 2024-07-24 01:47:50,686 views party2
DEBUG 2024-07-24 01:47:50,705 views ared: c
DEBUG 2024-07-24 01:47:50,705 views ablue: d
DEBUG 2024-07-24 01:48:11,013 views W1: admin
DEBUG 2024-07-24 01:48:11,015 views W2: lala
DEBUG 2024-07-24 01:48:11,031 views ared: a
DEBUG 2024-07-24 01:48:11,032 views ablue: d
INFO 2024-07-24 01:48:22,811 views -- -fin- --
DEBUG 2024-07-24 01:50:45,632 views tournament.participant1 admin: 
DEBUG 2024-07-24 01:50:45,632 views tournament.participant2 None: 
DEBUG 2024-07-24 01:50:45,632 views tournament.participant3 None: 
DEBUG 2024-07-24 01:50:45,632 views tournament.participant4 None: 
INFO 2024-07-24 01:50:45,632 views ---------------
DEBUG 2024-07-24 01:50:52,645 views tournament.participant1 admin: 
DEBUG 2024-07-24 01:50:52,652 views tournament.participant2 xyz: 
DEBUG 2024-07-24 01:50:52,653 views tournament.participant3 None: 
DEBUG 2024-07-24 01:50:52,653 views tournament.participant4 None: 
INFO 2024-07-24 01:50:52,654 views ---------------
DEBUG 2024-07-24 01:50:56,460 views tournament.participant1 admin: 
DEBUG 2024-07-24 01:50:56,464 views tournament.participant2 xyz: 
DEBUG 2024-07-24 01:50:56,469 views tournament.participant3 pedro: 
DEBUG 2024-07-24 01:50:56,469 views tournament.participant4 None: 
INFO 2024-07-24 01:50:56,470 views ---------------
INFO 2024-07-24 01:51:12,018 views party2
DEBUG 2024-07-24 01:51:12,038 views ared: y
DEBUG 2024-07-24 01:51:12,038 views ablue: z
DEBUG 2024-07-24 01:51:27,177 views W1: admin
DEBUG 2024-07-24 01:51:27,179 views W2: pedro
DEBUG 2024-07-24 01:51:27,190 views ared: w
DEBUG 2024-07-24 01:51:27,190 views ablue: y
INFO 2024-07-24 03:12:15,572 views -- -fin- --
DEBUG 2024-07-24 18:01:22,564 views tournament.participant1 admin: 
DEBUG 2024-07-24 18:01:22,565 views tournament.participant2 None: 
DEBUG 2024-07-24 18:01:22,565 views tournament.participant3 None: 
DEBUG 2024-07-24 18:01:22,565 views tournament.participant4 None: 
INFO 2024-07-24 18:01:22,566 views ---------------
DEBUG 2024-07-24 18:01:25,525 views tournament.participant1 admin: 
DEBUG 2024-07-24 18:01:25,526 views tournament.participant2 xyz: 
DEBUG 2024-07-24 18:01:25,526 views tournament.participant3 None: 
DEBUG 2024-07-24 18:01:25,527 views tournament.participant4 None: 
INFO 2024-07-24 18:01:25,527 views ---------------
DEBUG 2024-07-24 18:01:28,869 views tournament.participant1 admin: 
DEBUG 2024-07-24 18:01:28,870 views tournament.participant2 xyz: 
DEBUG 2024-07-24 18:01:28,871 views tournament.participant3 pedro: 
DEBUG 2024-07-24 18:01:28,871 views tournament.participant4 None: 
INFO 2024-07-24 18:01:28,871 views ---------------
INFO 2024-07-24 18:01:41,986 views party2
DEBUG 2024-07-24 18:01:42,001 views ared: c
DEBUG 2024-07-24 18:01:42,001 views ablue: d
DEBUG 2024-07-24 18:01:52,003 views W1: admin
DEBUG 2024-07-24 18:01:52,007 views W2: lala
DEBUG 2024-07-24 18:01:52,023 views ared: a
DEBUG 2024-07-24 18:01:52,024 views ablue: d
INFO 2024-07-24 18:02:04,196 views -- -fin- --
